[1695720071357] INFO  (ext): SQLTools is starting
[1695720071361] INFO  (ext): initializing language client...
[1695720071537] INFO  (ext): Registering client for languages [{"scheme":"sqltools"},{"language":"sql","scheme":"untitled"},{"language":"sql","scheme":"file"},{"language":"sql","scheme":"sqltools"}]
    ns: "lc"
[1695720071575] INFO  (ext): loading plugins...
[1695720071575] INFO  (ext): registering Formatter Plugin.
    plugin: {
      "name": "Formatter Plugin"
    }
[1695720071576] INFO  (ext): registering Connection Manager Plugin.
    plugin: {
      "name": "Connection Manager Plugin"
    }
[1695720071576] INFO  (ext): registering CodeLens Plugin.
    plugin: {
      "name": "CodeLens Plugin",
      "registeredLanguages": []
    }
[1695720071577] INFO  (ext): registering Dependency Manager Plugin.
    plugin: {
      "name": "Dependency Manager Plugin",
      "installingDrivers": []
    }
[1695720071579] INFO  (ext): Connection explorer changed. Will be updated.
    ns: "conn-man:explorer"
[1695720071579] INFO  (ext): registering History Manager Plugin.
    plugin: {
      "name": "History Manager Plugin"
    }
[1695720071579] INFO  (ext): registering Bookmarks Manager Plugin.
    plugin: {
      "name": "Bookmarks Manager Plugin"
    }
[1695720071581] INFO  (ext): SQLTools activation completed. 222.948479 ms
[1695720071615] INFO  (ext): Formatter Plugin registered!
[1695720071615] INFO  (ext): CodeLens Plugin registered!
[1695720071615] INFO  (ext): Dependency Manager Plugin registered!
[1695720071615] INFO  (ext): Connection Manager Plugin registered!
[1695720071615] INFO  (ext): History Manager Plugin registered!
[1695720071615] INFO  (ext): Bookmarks Manager Plugin registered!
[1695720072670] INFO  (ext): EXECUTING COMMAND => sqltools.refreshTree
[1695720072670] INFO  (ext): Connection explorer changed. Will be updated.
    ns: "conn-man:explorer"
[1695720071740] INFO  (ls): SQLTools Server started!
===============================
Using node runtime?: yes
ExecPath: /opt/nodejs/node-v16.19.1-linux-x64/bin/node v16.19.1
===============================
[1695720071744] INFO  (ls): User defined env vars
===============================
{"PATH":"/usr/local/sbin:/usr/local/bin:/usr/sbin:/usr/bin:/sbin:/bin:/home/user/.node_modules_global/bin"}
===============================:
[1695720072683] INFO  (ext): LanguageClient ready
    ns: "lc"
[1695720072681] INFO  (ls): Initialized with node version:v16.19.1
[1695720073405] INFO  (ext): registering SQLite Plugin (driver).
    plugin: {
      "extensionId": "mtxr.sqltools-driver-sqlite",
      "name": "SQLite Plugin",
      "type": "driver"
    }
[1695720073406] INFO  (ls): REQUEST RECEIVED => ls/RegisterPlugin
[1695720073406] INFO  (ls): request to register plugin: "/extbin/local/openvscode-server/extensions/sqltools-driver-sqlite-0.4.0/out/ls/plugin.js"
[1695720073435] INFO  (ls): Driver sqlite registered!
    place: "driver-map"
    ns: "ls-context"
[1695720074015] INFO  (ext): SQLite Plugin (driver) registered!
[1695720074016] INFO  (ext): Connection explorer changed. Will be updated.
    ns: "conn-man:explorer"
[1695720075015] INFO  (ext): EXECUTING COMMAND => sqltools.refreshTree
[1695720075015] INFO  (ext): Connection explorer changed. Will be updated.
    ns: "conn-man:explorer"
[1695720076601] INFO  (ext): Connection explorer changed. Will be updated.
    ns: "conn-man:explorer"
