09:21:11 [INFO] - Running activation sequence for Fiori tools - Application Modeler
09:21:11 [INFO] - Configurations: 'sap.ux.applicationModeler.showJsonSchemas': false; isTheia(): false; isAppStudio(): true
09:21:12 [INFO] - AppFolders: setAppFoldersContext() already done, leaving
09:21:12 [INFO] - Register Fiori tools file system for configurations...
09:21:12 [INFO] - ...Fiori tools file system registered in 0.726ms
09:21:12 [INFO] - Register views for configurations...
09:21:12 [INFO] - ...views for configurations registered in 0.767ms
09:21:12 [INFO] - Register commands...
09:21:12 [INFO] - ...commands registered in 3.240ms
09:21:12 [INFO] - Activating sync module...
09:21:12 [INFO] - Virtual file system ftfs initialized in 0.108ms
09:21:12 [INFO] - SAP UX projects found and added in 0.354ms
09:21:12 [INFO] - Start watching **/package.json
09:21:12 [INFO] - package.json watched in 0.471ms
09:21:12 [INFO] - Start watching for workspace folder changes
09:21:12 [INFO] - Workspace folders watched in 0.415ms
09:21:12 [INFO] - Configs watched in 0.094ms
09:21:12 [INFO] - ...sync module activated in 3.064ms
09:21:12 [INFO] - Register serializers...
09:21:12 [INFO] - ...serializers registered in 0.360ms
09:21:12 [INFO] - Activating launch config integration
09:21:12 [INFO] - Handler for Fiori launch configuration registered
09:21:12 [INFO] - ...launch config integration activated in 0.861ms
09:21:12 [INFO] - Activating migration module...
09:21:12 [INFO] - SAP Fiori tools - Application Modeler
'Migration start watching for workspace folder changes'
09:21:12 [INFO] - Workspace folders watched in 0.515ms
09:21:12 [INFO] - SAP Fiori tools - Application Modeler
'Migration start watching **/package.json'
09:21:12 [INFO] - package.json watched in 0.416ms
09:21:12 [INFO] - SAP Fiori tools - Application Modeler
'Migration start watching **/pom.xml'
09:21:12 [INFO] - pom.xml watched in 0.364ms
09:21:12 [INFO] - SAP Fiori tools - Application Modeler
'Migration start watching **/neo-app.json'
09:21:12 [INFO] - neo-app.json watched in 0.407ms
09:21:12 [INFO] - SAP Fiori tools - Application Modeler
'Migration start watching **/manifest.json'
09:21:12 [INFO] - manifest.json watched in 0.343ms
09:21:12 [INFO] - ...migration module activated in 3.369ms
09:21:12 [INFO] - activation sequence for Fiori tools - Application Modeler done in 1255.629ms
