07:34:45 [INFO] - Running activation sequence for Fiori tools - Application Modeler
07:34:45 [INFO] - Configurations: 'sap.ux.applicationModeler.showJsonSchemas': false; isTheia(): false; isAppStudio(): true
07:34:46 [INFO] - AppFolders: setAppFoldersContext() already done, leaving
07:34:46 [INFO] - Register Fiori tools file system for configurations...
07:34:46 [INFO] - ...Fiori tools file system registered in 0.602ms
07:34:46 [INFO] - Register views for configurations...
07:34:46 [INFO] - ...views for configurations registered in 0.801ms
07:34:46 [INFO] - Register commands...
07:34:46 [INFO] - ...commands registered in 3.529ms
07:34:46 [INFO] - Activating sync module...
07:34:46 [INFO] - Virtual file system ftfs initialized in 0.156ms
07:34:46 [INFO] - SAP UX projects found and added in 0.938ms
07:34:46 [INFO] - Start watching **/package.json
07:34:46 [INFO] - package.json watched in 0.467ms
07:34:46 [INFO] - Start watching for workspace folder changes
07:34:46 [INFO] - Workspace folders watched in 0.380ms
07:34:46 [INFO] - Configs watched in 0.092ms
07:34:46 [INFO] - ...sync module activated in 5.825ms
07:34:46 [INFO] - Register serializers...
07:34:46 [INFO] - ...serializers registered in 0.333ms
07:34:46 [INFO] - Activating launch config integration
07:34:46 [INFO] - Handler for Fiori launch configuration registered
07:34:46 [INFO] - ...launch config integration activated in 0.872ms
07:34:46 [INFO] - Activating migration module...
07:34:46 [INFO] - SAP Fiori tools - Application Modeler
'Migration start watching for workspace folder changes'
07:34:46 [INFO] - Workspace folders watched in 0.388ms
07:34:46 [INFO] - SAP Fiori tools - Application Modeler
'Migration start watching **/package.json'
07:34:46 [INFO] - package.json watched in 0.418ms
07:34:46 [INFO] - SAP Fiori tools - Application Modeler
'Migration start watching **/pom.xml'
07:34:46 [INFO] - pom.xml watched in 0.404ms
07:34:46 [INFO] - SAP Fiori tools - Application Modeler
'Migration start watching **/neo-app.json'
07:34:46 [INFO] - neo-app.json watched in 0.403ms
07:34:46 [INFO] - SAP Fiori tools - Application Modeler
'Migration start watching **/manifest.json'
07:34:46 [INFO] - manifest.json watched in 0.302ms
07:34:46 [INFO] - ...migration module activated in 3.500ms
07:34:46 [INFO] - activation sequence for Fiori tools - Application Modeler done in 1198.384ms
